<?xml version="1.0" encoding="UTF-8"?>
<!-- Generated by org.testng.reporters.JUnitReportReporter -->
<testsuite hostname="LAPTOP-8KRTOEFT" failures="0" tests="1" name="mevan.mvnproject.firstmeven" time="0.015" errors="0" timestamp="2021-10-06T15:55:56 IST" skipped="0">
  <testcase classname="mevan.mvnproject.firstmeven" name="amethod" time="0.015"/>
  <system-out/>
</testsuite> <!-- mevan.mvnproject.firstmeven -->
